#
# A fatal error has been detected by the Java Runtime Environment:
#
#  SIGSEGV (0xb) at pc=0x0000000000002386, pid=20208, tid=0x00007fdc22056700
#
# JRE version: OpenJDK Runtime Environment (8.0_121-b14) (build 1.8.0_121-b14)
# Java VM: OpenJDK 64-Bit Server VM (25.121-b14 mixed mode linux-amd64 compressed oops)
# Problematic frame:
# C  0x0000000000002386
#
# Core dump written. Default location: /home/ravelino/workspace/projetos/mouse-click/core or core.20208
#
# If you would like to submit a bug report, please visit:
#   http://bugreport.java.com/bugreport/crash.jsp
# The crash happened outside the Java Virtual Machine in native code.
# See problematic frame for where to report the bug.
#

---------------  T H R E A D  ---------------

Current thread (0x00007fdc0810d000):  JavaThread "JNativeHook Hook Thread" [_thread_in_native, id=20245, stack(0x00007fdc21f56000,0x00007fdc22057000)]

siginfo: si_signo: 11 (SIGSEGV), si_code: 1 (SEGV_MAPERR), si_addr: 0x0000000000002386

Registers:
RAX=0x00007fdc22d03e90, RBX=0x00007fdc648b0e80, RCX=0x00007fdc0c017d98, RDX=0x00007fdc220558a0
RSP=0x00007fdc220557d8, RBP=0x00007fdc0c018510, RSI=0x0000000000000000, RDI=0x00007fdc22f0c7a0
R8 =0x0000000000000000, R9 =0x0000000000000009, R10=0x00007fdc0c0182f0, R11=0x0000000000000000
R12=0x00007fdc0c017d98, R13=0x0000000000000024, R14=0x0000000000000020, R15=0x00007fdc220558a0
RIP=0x0000000000002386, EFLAGS=0x0000000000010202, CSGSFS=0x002b000000000033, ERR=0x0000000000000014
  TRAPNO=0x000000000000000e

Top of Stack: (sp=0x00007fdc220557d8)
0x00007fdc220557d8:   00007fdc22d03ead 00007fdc0c00dbd8
0x00007fdc220557e8:   00007fdc0c00c830 00007fdc0c00da80
0x00007fdc220557f8:   0000000000000024 00007fdc648b0e80
0x00007fdc22055808:   00007fdc0c017da4 00007fdc0c017d98
0x00007fdc22055818:   0000000000000024 0000000000000020
0x00007fdc22055828:   00007fdc648ae908 00007fdc0c0181e0
0x00007fdc22055838:   00007fdc22d03e90 0000000000000000
0x00007fdc22055848:   00007fdc0c00c830 0000000000000000
0x00007fdc22055858:   00007fdc0c00c830 00007fdc0c0181e0
0x00007fdc22055868:   00007fdc220558a0 00007fdc22d03e90
0x00007fdc22055878:   0000000000000000 00007fdc0c017d90
0x00007fdc22055888:   00007fdc648afa75 0000000000000000
0x00007fdc22055898:   00007fdc648afa56 00000009000e0001
0x00007fdc220558a8:   0000000002010001 0000000004983903
0x00007fdc220558b8:   0000000000000000 00007fdc22d03e90
0x00007fdc220558c8:   62f17f94c308a700 00007fdc0c00c830
0x00007fdc220558d8:   00007fdc22f0c268 0000000000000000
0x00007fdc220558e8:   00007fdc22055930 00007fdc22055924
0x00007fdc220558f8:   00007fdc22055a00 00007fdc0810d000
0x00007fdc22055908:   00007fdc22d06e0c 00007fdc0810d000
0x00007fdc22055918:   0000000184f11a97 0000000100000076
0x00007fdc22055928:   000000000000000d 0000000000000003
0x00007fdc22055938:   0000000000000000 0000000000000000
0x00007fdc22055948:   0000000000000000 0000000000000006
0x00007fdc22055958:   00007fdc0810d258 00007fdc220559e0
0x00007fdc22055968:   0000000000000000 00007fdc22f6e378
0x00007fdc22055978:   00007fdc22d0615b 00007fdc22f6e380
0x00007fdc22055988:   00007fdc664869e4 fffffffe00000000
0x00007fdc22055998:   00007fdc66486462 00007fdc220559a0
0x00007fdc220559a8:   00007fdc22f6e378 00007fdc22055a00
0x00007fdc220559b8:   00007fdc22f6e4b8 0000000000000000
0x00007fdc220559c8:   00007fdc22f6e380 0000000000000000 

Instructions: (pc=0x0000000000002386)
0x0000000000002366:   
[error occurred during error reporting (printing registers, top of stack, instructions near pc), id 0xb]

Register to memory mapping:

RAX=
[error occurred during error reporting (printing register info), id 0xb]

Stack: [0x00007fdc21f56000,0x00007fdc22057000],  sp=0x00007fdc220557d8,  free space=1021k
Native frames: (J=compiled Java code, j=interpreted, Vv=VM code, C=native code)
C  0x0000000000002386

Java frames: (J=compiled Java code, j=interpreted, Vv=VM code)
j  org.jnativehook.GlobalScreen$NativeHookThread.enable()V+0
j  org.jnativehook.GlobalScreen$NativeHookThread.run()V+6
v  ~StubRoutines::call_stub

---------------  P R O C E S S  ---------------

Java Threads: ( => current thread )
  0x00007fdc0c027800 JavaThread "JNativeHook Dispatch Thread" daemon [_thread_blocked, id=20251, stack(0x00007fdc21729000,0x00007fdc2182a000)]
  0x00007fdc08201800 JavaThread "TimerQueue" daemon [_thread_blocked, id=20249, stack(0x00007fdc2182a000,0x00007fdc2192b000)]
=>0x00007fdc0810d000 JavaThread "JNativeHook Hook Thread" [_thread_in_native, id=20245, stack(0x00007fdc21f56000,0x00007fdc22057000)]
  0x00007fdc7c00c000 JavaThread "DestroyJavaVM" [_thread_blocked, id=20214, stack(0x00007fdc863b0000,0x00007fdc864b1000)]
  0x00007fdc7c230800 JavaThread "AWT-EventQueue-0" [_thread_blocked, id=20242, stack(0x00007fdc2330d000,0x00007fdc2340e000)]
  0x00007fdc7c22f000 JavaThread "AWT-Shutdown" [_thread_blocked, id=20241, stack(0x00007fdc2340e000,0x00007fdc2350f000)]
  0x00007fdc7c22a000 JavaThread "AWT-XAWT" daemon [_thread_in_native, id=20240, stack(0x00007fdc2350f000,0x00007fdc23610000)]
  0x00007fdc7c20a000 JavaThread "Java2D Disposer" daemon [_thread_blocked, id=20239, stack(0x00007fdc23a21000,0x00007fdc23b22000)]
  0x00007fdc7c0e5800 JavaThread "Service Thread" daemon [_thread_blocked, id=20237, stack(0x00007fdc65a5a000,0x00007fdc65b5b000)]
  0x00007fdc7c0e0000 JavaThread "C1 CompilerThread2" daemon [_thread_blocked, id=20236, stack(0x00007fdc65b5b000,0x00007fdc65c5c000)]
  0x00007fdc7c0de000 JavaThread "C2 CompilerThread1" daemon [_thread_blocked, id=20235, stack(0x00007fdc65c5c000,0x00007fdc65d5d000)]
  0x00007fdc7c0db800 JavaThread "C2 CompilerThread0" daemon [_thread_blocked, id=20234, stack(0x00007fdc65d5d000,0x00007fdc65e5e000)]
  0x00007fdc40001000 JavaThread "JDWP Command Reader" daemon [_thread_in_native, id=20231, stack(0x00007fdc65e5e000,0x00007fdc65f5f000)]
  0x00007fdc7c0d9000 JavaThread "JDWP Event Helper Thread" daemon [_thread_blocked, id=20230, stack(0x00007fdc65f5f000,0x00007fdc66060000)]
  0x00007fdc7c0d5800 JavaThread "JDWP Transport Listener: dt_socket" daemon [_thread_blocked, id=20227, stack(0x00007fdc66060000,0x00007fdc66161000)]
  0x00007fdc7c0be000 JavaThread "Signal Dispatcher" daemon [_thread_blocked, id=20225, stack(0x00007fdc66366000,0x00007fdc66467000)]
  0x00007fdc7c095000 JavaThread "Finalizer" daemon [_thread_blocked, id=20223, stack(0x00007fdc8001b000,0x00007fdc8011c000)]
  0x00007fdc7c090800 JavaThread "Reference Handler" daemon [_thread_blocked, id=20222, stack(0x00007fdc8011c000,0x00007fdc8021d000)]

Other Threads:
  0x00007fdc7c087000 VMThread [stack: 0x00007fdc8021d000,0x00007fdc8031e000] [id=20221]
  0x00007fdc7c0e8000 WatcherThread [stack: 0x00007fdc65959000,0x00007fdc65a5a000] [id=20238]

VM state:not at safepoint (normal execution)

VM Mutex/Monitor currently owned by a thread: None

Heap:
 PSYoungGen      total 36864K, used 16509K [0x00000000d6e00000, 0x00000000d9700000, 0x0000000100000000)
  eden space 31744K, 52% used [0x00000000d6e00000,0x00000000d7e1f430,0x00000000d8d00000)
  from space 5120K, 0% used [0x00000000d9200000,0x00000000d9200000,0x00000000d9700000)
  to   space 5120K, 0% used [0x00000000d8d00000,0x00000000d8d00000,0x00000000d9200000)
 ParOldGen       total 84992K, used 0K [0x0000000084a00000, 0x0000000089d00000, 0x00000000d6e00000)
  object space 84992K, 0% used [0x0000000084a00000,0x0000000084a00000,0x0000000089d00000)
 Metaspace       used 17024K, capacity 17280K, committed 17536K, reserved 1064960K
  class space    used 1794K, capacity 1852K, committed 1920K, reserved 1048576K

Card table byte_map: [0x00007fdc827b3000,0x00007fdc82b8f000] byte_map_base: 0x00007fdc8238e000

Marking Bits: (ParMarkBitMap*) 0x00007fdc85686a60
 Begin Bits: [0x00007fdc54250000, 0x00007fdc56128000)
 End Bits:   [0x00007fdc56128000, 0x00007fdc58000000)

Polling page: 0x00007fdc864d2000

CodeCache: size=245760Kb used=4909Kb max_used=4921Kb free=240850Kb
 bounds [0x00007fdc66467000, 0x00007fdc66947000, 0x00007fdc75467000]
 total_blobs=2029 nmethods=1448 adapters=503
 compilation: enabled

Compilation events (10 events):
Event: 217,631 Thread 0x00007fdc7c0e0000 1512       1       java.util.concurrent.ThreadPoolExecutor::beforeExecute (1 bytes)
Event: 217,631 Thread 0x00007fdc7c0e0000 nmethod 1512 0x00007fdc6692cfd0 code [0x00007fdc6692d120, 0x00007fdc6692d230]
Event: 217,631 Thread 0x00007fdc7c0e0000 1513       1       java.util.concurrent.ThreadPoolExecutor::afterExecute (1 bytes)
Event: 217,631 Thread 0x00007fdc7c0e0000 nmethod 1513 0x00007fdc6692cd10 code [0x00007fdc6692ce60, 0x00007fdc6692cf70]
Event: 282,031 Thread 0x00007fdc7c0de000 1514  s    4       java.util.logging.LogManager$LoggerContext::findLogger (40 bytes)
Event: 282,059 Thread 0x00007fdc7c0de000 nmethod 1514 0x00007fdc66932590 code [0x00007fdc66932780, 0x00007fdc66933798]
Event: 282,857 Thread 0x00007fdc7c0db800 1515   !   4       java.util.logging.LogManager::getUserContext (119 bytes)
Event: 282,859 Thread 0x00007fdc7c0db800 nmethod 1515 0x00007fdc6692ca10 code [0x00007fdc6692cb60, 0x00007fdc6692cc38]
Event: 284,272 Thread 0x00007fdc7c0de000 1516       4       java.util.logging.Logger::getLogger (9 bytes)
Event: 284,277 Thread 0x00007fdc7c0de000 nmethod 1516 0x00007fdc66929bd0 code [0x00007fdc66929d60, 0x00007fdc6692a118]

GC Heap History (0 events):
No events

Deoptimization events (5 events):
Event: 0,622 Thread 0x00007fdc7c230800 Uncommon trap: reason=unstable_if action=reinterpret pc=0x00007fdc6663a780 method=java.lang.String.indexOf([CII[CIII)I @ 3
Event: 3,506 Thread 0x00007fdc7c230800 Uncommon trap: reason=class_check action=maybe_recompile pc=0x00007fdc665d334c method=java.lang.String.equals(Ljava/lang/Object;)Z @ 8
Event: 3,506 Thread 0x00007fdc7c230800 Uncommon trap: reason=class_check action=maybe_recompile pc=0x00007fdc665d334c method=java.lang.String.equals(Ljava/lang/Object;)Z @ 8
Event: 3,721 Thread 0x00007fdc7c230800 Uncommon trap: reason=class_check action=maybe_recompile pc=0x00007fdc665d334c method=java.lang.String.equals(Ljava/lang/Object;)Z @ 8
Event: 3,721 Thread 0x00007fdc7c230800 Uncommon trap: reason=class_check action=maybe_recompile pc=0x00007fdc665d334c method=java.lang.String.equals(Ljava/lang/Object;)Z @ 8

Internal exceptions (10 events):
Event: 0,181 Thread 0x00007fdc7c00c000 Exception <a 'java/security/PrivilegedActionException'> (0x00000000d6e7eb58) thrown at [/builddir/build/BUILD/java-1.8.0-openjdk-1.8.0.121-10.b14.fc25.x86_64/openjdk/hotspot/src/share/vm/prims/jvm.cpp, line 1400]
Event: 0,181 Thread 0x00007fdc7c00c000 Exception <a 'java/security/PrivilegedActionException'> (0x00000000d6e7ed68) thrown at [/builddir/build/BUILD/java-1.8.0-openjdk-1.8.0.121-10.b14.fc25.x86_64/openjdk/hotspot/src/share/vm/prims/jvm.cpp, line 1400]
Event: 0,264 Thread 0x00007fdc7c00c000 Exception <a 'java/lang/NoSuchFieldError': method resolution failed> (0x00000000d7092b30) thrown at [/builddir/build/BUILD/java-1.8.0-openjdk-1.8.0.121-10.b14.fc25.x86_64/openjdk/hotspot/src/share/vm/prims/methodHandles.cpp, line 1146]
Event: 0,270 Thread 0x00007fdc7c00c000 Exception <a 'java/lang/NoSuchFieldError': method resolution failed> (0x00000000d70a0330) thrown at [/builddir/build/BUILD/java-1.8.0-openjdk-1.8.0.121-10.b14.fc25.x86_64/openjdk/hotspot/src/share/vm/prims/methodHandles.cpp, line 1146]
Event: 0,312 Thread 0x00007fdc7c00c000 Exception <a 'java/io/FileNotFoundException'> (0x00000000d711f200) thrown at [/builddir/build/BUILD/java-1.8.0-openjdk-1.8.0.121-10.b14.fc25.x86_64/openjdk/hotspot/src/share/vm/prims/jni.cpp, line 710]
Event: 0,312 Thread 0x00007fdc7c00c000 Exception <a 'java/io/FileNotFoundException'> (0x00000000d711fd68) thrown at [/builddir/build/BUILD/java-1.8.0-openjdk-1.8.0.121-10.b14.fc25.x86_64/openjdk/hotspot/src/share/vm/prims/jni.cpp, line 710]
Event: 0,334 Thread 0x00007fdc7c00c000 Exception <a 'java/lang/ClassNotFoundException': sun/dc/DuctusRenderingEngine> (0x00000000d712b9f0) thrown at [/builddir/build/BUILD/java-1.8.0-openjdk-1.8.0.121-10.b14.fc25.x86_64/openjdk/hotspot/src/share/vm/classfile/systemDictionary.cpp, line 210]
Event: 1,032 Thread 0x00007fdc7c230800 Exception <a 'java/lang/UnsupportedOperationException': > (0x00000000d77cc4c0) thrown at [/builddir/build/BUILD/java-1.8.0-openjdk-1.8.0.121-10.b14.fc25.x86_64/openjdk/hotspot/src/share/vm/prims/jni.cpp, line 736]
Event: 7,790 Thread 0x00007fdc7c230800 Exception <a 'java/lang/UnsupportedOperationException': > (0x00000000d795f1b8) thrown at [/builddir/build/BUILD/java-1.8.0-openjdk-1.8.0.121-10.b14.fc25.x86_64/openjdk/hotspot/src/share/vm/prims/jni.cpp, line 736]
Event: 12,022 Thread 0x00007fdc7c230800 Exception <a 'java/lang/UnsupportedOperationException': > (0x00000000d79a1138) thrown at [/builddir/build/BUILD/java-1.8.0-openjdk-1.8.0.121-10.b14.fc25.x86_64/openjdk/hotspot/src/share/vm/prims/jni.cpp, line 736]

Events (10 events):
Event: 70,224 Thread 0x00007fdc7c0e0000 flushing nmethod 0x00007fdc66680b10
Event: 70,225 Thread 0x00007fdc7c0e0000 flushing nmethod 0x00007fdc666ac0d0
Event: 70,225 Thread 0x00007fdc7c0e0000 flushing nmethod 0x00007fdc666c5090
Event: 70,225 Thread 0x00007fdc7c0e0000 flushing nmethod 0x00007fdc666cc1d0
Event: 70,225 Thread 0x00007fdc7c0e0000 flushing nmethod 0x00007fdc666ceb10
Event: 71,227 Thread 0x00007fdc7c0e0000 flushing nmethod 0x00007fdc666e2fd0
Event: 101,335 loading class javax/swing/text/GapContent$RemoveUndo
Event: 101,335 loading class javax/swing/text/GapContent$RemoveUndo done
Event: 101,335 loading class javax/swing/text/GapContent$UndoPosRef
Event: 101,335 loading class javax/swing/text/GapContent$UndoPosRef done


Dynamic libraries:
84a00000-89d00000 rw-p 00000000 00:00 0 
89d00000-d6e00000 ---p 00000000 00:00 0 
d6e00000-d9700000 rw-p 00000000 00:00 0 
d9700000-100000000 ---p 00000000 00:00 0 
100000000-1001e0000 rw-p 00000000 00:00 0 
1001e0000-140000000 ---p 00000000 00:00 0 
559897c58000-559897c59000 r-xp 00000000 fd:00 2367063                    /usr/lib/jvm/java-1.8.0-openjdk-1.8.0.121-10.b14.fc25.x86_64/bin/java
559897e58000-559897e59000 r--p 00000000 fd:00 2367063                    /usr/lib/jvm/java-1.8.0-openjdk-1.8.0.121-10.b14.fc25.x86_64/bin/java
559897e59000-559897e5a000 rw-p 00001000 fd:00 2367063                    /usr/lib/jvm/java-1.8.0-openjdk-1.8.0.121-10.b14.fc25.x86_64/bin/java
559898e30000-559898e51000 rw-p 00000000 00:00 0                          [heap]
7fdbf8000000-7fdbf8021000 rw-p 00000000 00:00 0 
7fdbf8021000-7fdbfc000000 ---p 00000000 00:00 0 
7fdc00000000-7fdc00021000 rw-p 00000000 00:00 0 
7fdc00021000-7fdc04000000 ---p 00000000 00:00 0 
7fdc04000000-7fdc04064000 rw-p 00000000 00:00 0 
7fdc04064000-7fdc08000000 ---p 00000000 00:00 0 
7fdc08000000-7fdc08205000 rw-p 00000000 00:00 0 
7fdc08205000-7fdc0c000000 ---p 00000000 00:00 0 
7fdc0c000000-7fdc0c02b000 rw-p 00000000 00:00 0 
7fdc0c02b000-7fdc10000000 ---p 00000000 00:00 0 
7fdc10000000-7fdc10021000 rw-p 00000000 00:00 0 
7fdc10021000-7fdc14000000 ---p 00000000 00:00 0 
7fdc14000000-7fdc14021000 rw-p 00000000 00:00 0 
7fdc14021000-7fdc18000000 ---p 00000000 00:00 0 
7fdc18000000-7fdc18021000 rw-p 00000000 00:00 0 
7fdc18021000-7fdc1c000000 ---p 00000000 00:00 0 
7fdc1c000000-7fdc1c021000 rw-p 00000000 00:00 0 
7fdc1c021000-7fdc20000000 ---p 00000000 00:00 0 
7fdc21428000-7fdc21568000 rw-p 00000000 00:00 0 
7fdc21568000-7fdc2162b000 ---p 00000000 00:00 0 
7fdc2162b000-7fdc21729000 rw-p 00000000 00:00 0 
7fdc21729000-7fdc2172c000 ---p 00000000 00:00 0 
7fdc2172c000-7fdc2182a000 rw-p 00000000 00:00 0 
7fdc2182a000-7fdc2182d000 ---p 00000000 00:00 0 
7fdc2182d000-7fdc2192b000 rw-p 00000000 00:00 0 
7fdc2192b000-7fdc2193c000 r-xp 00000000 fd:00 2366716                    /usr/lib/jvm/java-1.8.0-openjdk-1.8.0.121-10.b14.fc25.x86_64/jre/lib/amd64/libnio.so
7fdc2193c000-7fdc21b3c000 ---p 00011000 fd:00 2366716                    /usr/lib/jvm/java-1.8.0-openjdk-1.8.0.121-10.b14.fc25.x86_64/jre/lib/amd64/libnio.so
7fdc21b3c000-7fdc21b3d000 r--p 00011000 fd:00 2366716                    /usr/lib/jvm/java-1.8.0-openjdk-1.8.0.121-10.b14.fc25.x86_64/jre/lib/amd64/libnio.so
7fdc21b3d000-7fdc21b3e000 rw-p 00012000 fd:00 2366716                    /usr/lib/jvm/java-1.8.0-openjdk-1.8.0.121-10.b14.fc25.x86_64/jre/lib/amd64/libnio.so
7fdc21b3e000-7fdc21b55000 r-xp 00000000 fd:00 2366715                    /usr/lib/jvm/java-1.8.0-openjdk-1.8.0.121-10.b14.fc25.x86_64/jre/lib/amd64/libnet.so
7fdc21b55000-7fdc21d54000 ---p 00017000 fd:00 2366715                    /usr/lib/jvm/java-1.8.0-openjdk-1.8.0.121-10.b14.fc25.x86_64/jre/lib/amd64/libnet.so
7fdc21d54000-7fdc21d55000 r--p 00016000 fd:00 2366715                    /usr/lib/jvm/java-1.8.0-openjdk-1.8.0.121-10.b14.fc25.x86_64/jre/lib/amd64/libnet.so
7fdc21d55000-7fdc21d56000 rw-p 00017000 fd:00 2366715                    /usr/lib/jvm/java-1.8.0-openjdk-1.8.0.121-10.b14.fc25.x86_64/jre/lib/amd64/libnet.so
7fdc21d56000-7fdc21f56000 rw-p 00000000 00:00 0 
7fdc21f56000-7fdc21f59000 ---p 00000000 00:00 0 
7fdc21f59000-7fdc22057000 rw-p 00000000 00:00 0 
7fdc22057000-7fdc2206a000 r-xp 00000000 fd:00 2239087                    /usr/lib64/libbsd.so.0.8.3
7fdc2206a000-7fdc22269000 ---p 00013000 fd:00 2239087                    /usr/lib64/libbsd.so.0.8.3
7fdc22269000-7fdc2226a000 r--p 00012000 fd:00 2239087                    /usr/lib64/libbsd.so.0.8.3
7fdc2226a000-7fdc2226b000 rw-p 00013000 fd:00 2239087                    /usr/lib64/libbsd.so.0.8.3
7fdc2226b000-7fdc2226c000 rw-p 00000000 00:00 0 
7fdc2226c000-7fdc22270000 r-xp 00000000 fd:00 2236779                    /usr/lib64/libuuid.so.1.3.0
7fdc22270000-7fdc2246f000 ---p 00004000 fd:00 2236779                    /usr/lib64/libuuid.so.1.3.0
7fdc2246f000-7fdc22470000 r--p 00003000 fd:00 2236779                    /usr/lib64/libuuid.so.1.3.0
7fdc22470000-7fdc22471000 rw-p 00000000 00:00 0 
7fdc22471000-7fdc22488000 r-xp 00000000 fd:00 2235820                    /usr/lib64/libICE.so.6.3.0
7fdc22488000-7fdc22688000 ---p 00017000 fd:00 2235820                    /usr/lib64/libICE.so.6.3.0
7fdc22688000-7fdc22689000 r--p 00017000 fd:00 2235820                    /usr/lib64/libICE.so.6.3.0
7fdc22689000-7fdc2268a000 rw-p 00018000 fd:00 2235820                    /usr/lib64/libICE.so.6.3.0
7fdc2268a000-7fdc2268d000 rw-p 00000000 00:00 0 
7fdc2268d000-7fdc22694000 r-xp 00000000 fd:00 2237097                    /usr/lib64/libSM.so.6.0.1
7fdc22694000-7fdc22893000 ---p 00007000 fd:00 2237097                    /usr/lib64/libSM.so.6.0.1
7fdc22893000-7fdc22894000 r--p 00006000 fd:00 2237097                    /usr/lib64/libSM.so.6.0.1
7fdc22894000-7fdc22895000 rw-p 00007000 fd:00 2237097                    /usr/lib64/libSM.so.6.0.1
7fdc22895000-7fdc228f6000 r-xp 00000000 fd:00 2237121                    /usr/lib64/libXt.so.6.0.0
7fdc228f6000-7fdc22af6000 ---p 00061000 fd:00 2237121                    /usr/lib64/libXt.so.6.0.0
7fdc22af6000-7fdc22af8000 r--p 00061000 fd:00 2237121                    /usr/lib64/libXt.so.6.0.0
7fdc22af8000-7fdc22afc000 rw-p 00063000 fd:00 2237121                    /usr/lib64/libXt.so.6.0.0
7fdc22afc000-7fdc22afd000 rw-p 00000000 00:00 0 
7fdc22afd000-7fdc22aff000 r-xp 00000000 fd:00 2237115                    /usr/lib64/libXinerama.so.1.0.0
7fdc22aff000-7fdc22cfe000 ---p 00002000 fd:00 2237115                    /usr/lib64/libXinerama.so.1.0.0
7fdc22cfe000-7fdc22cff000 r--p 00001000 fd:00 2237115                    /usr/lib64/libXinerama.so.1.0.0
7fdc22cff000-7fdc22d00000 rw-p 00002000 fd:00 2237115                    /usr/lib64/libXinerama.so.1.0.0
7fdc22d00000-7fdc22d0b000 r-xp 00000000 00:28 108889                     /tmp/libJNativeHook-2.0.2.so
7fdc22d0b000-7fdc22f0b000 ---p 0000b000 00:28 108889                     /tmp/libJNativeHook-2.0.2.so
7fdc22f0b000-7fdc22f0c000 r--p 0000b000 00:28 108889                     /tmp/libJNativeHook-2.0.2.so
7fdc22f0c000-7fdc22f0d000 rw-p 0000c000 00:28 108889                     /tmp/libJNativeHook-2.0.2.so
7fdc22f0d000-7fdc2310d000 rw-p 00000000 00:00 0 
7fdc2310d000-7fdc2330d000 rw-p 00000000 00:00 0 
7fdc2330d000-7fdc23310000 ---p 00000000 00:00 0 
7fdc23310000-7fdc2340e000 rw-p 00000000 00:00 0 
7fdc2340e000-7fdc23411000 ---p 00000000 00:00 0 
7fdc23411000-7fdc2350f000 rw-p 00000000 00:00 0 
7fdc2350f000-7fdc23512000 ---p 00000000 00:00 0 
7fdc23512000-7fdc23610000 rw-p 00000000 00:00 0 
7fdc23610000-7fdc23615000 r-xp 00000000 fd:00 2237110                    /usr/lib64/libXfixes.so.3.1.0
7fdc23615000-7fdc23814000 ---p 00005000 fd:00 2237110                    /usr/lib64/libXfixes.so.3.1.0
7fdc23814000-7fdc23815000 r--p 00004000 fd:00 2237110                    /usr/lib64/libXfixes.so.3.1.0
7fdc23815000-7fdc23816000 rw-p 00005000 fd:00 2237110                    /usr/lib64/libXfixes.so.3.1.0
7fdc23816000-7fdc2381f000 r-xp 00000000 fd:00 2237106                    /usr/lib64/libXcursor.so.1.0.2
7fdc2381f000-7fdc23a1f000 ---p 00009000 fd:00 2237106                    /usr/lib64/libXcursor.so.1.0.2
7fdc23a1f000-7fdc23a20000 r--p 00009000 fd:00 2237106                    /usr/lib64/libXcursor.so.1.0.2
7fdc23a20000-7fdc23a21000 rw-p 00000000 00:00 0 
7fdc23a21000-7fdc23a24000 ---p 00000000 00:00 0 
7fdc23a24000-7fdc23b22000 rw-p 00000000 00:00 0 
7fdc23b22000-7fdc23b53000 r-xp 00000000 fd:00 2236598                    /usr/lib64/libpng16.so.16.27.0
7fdc23b53000-7fdc23d53000 ---p 00031000 fd:00 2236598                    /usr/lib64/libpng16.so.16.27.0
7fdc23d53000-7fdc23d54000 r--p 00031000 fd:00 2236598                    /usr/lib64/libpng16.so.16.27.0
7fdc23d54000-7fdc23d55000 rw-p 00000000 00:00 0 
7fdc23d55000-7fdc23df9000 r-xp 00000000 fd:00 2236170                    /usr/lib64/libfreetype.so.6.12.5
7fdc23df9000-7fdc23ff9000 ---p 000a4000 fd:00 2236170                    /usr/lib64/libfreetype.so.6.12.5
7fdc23ff9000-7fdc23fff000 r--p 000a4000 fd:00 2236170                    /usr/lib64/libfreetype.so.6.12.5
7fdc23fff000-7fdc24000000 rw-p 00000000 00:00 0 
7fdc24000000-7fdc2481c000 rw-p 00000000 00:00 0 
7fdc2481c000-7fdc28000000 ---p 00000000 00:00 0 
7fdc28000000-7fdc28021000 rw-p 00000000 00:00 0 
7fdc28021000-7fdc2c000000 ---p 00000000 00:00 0 
7fdc2c000000-7fdc2c175000 rw-p 00000000 00:00 0 
7fdc2c175000-7fdc30000000 ---p 00000000 00:00 0 
7fdc30000000-7fdc30200000 rw-p 00000000 00:00 0 
7fdc30200000-7fdc34000000 ---p 00000000 00:00 0 
7fdc34000000-7fdc34021000 rw-p 00000000 00:00 0 
7fdc34021000-7fdc38000000 ---p 00000000 00:00 0 
7fdc38000000-7fdc38021000 rw-p 00000000 00:00 0 
7fdc38021000-7fdc3c000000 ---p 00000000 00:00 0 
7fdc3c000000-7fdc3c021000 rw-p 00000000 00:00 0 
7fdc3c021000-7fdc40000000 ---p 00000000 00:00 0 
7fdc40000000-7fdc40021000 rw-p 00000000 00:00 0 
7fdc40021000-7fdc44000000 ---p 00000000 00:00 0 
7fdc44000000-7fdc44021000 rw-p 00000000 00:00 0 
7fdc44021000-7fdc48000000 ---p 00000000 00:00 0 
7fdc48000000-7fdc48021000 rw-p 00000000 00:00 0 
7fdc48021000-7fdc4c000000 ---p 00000000 00:00 0 
7fdc4c000000-7fdc4c021000 rw-p 00000000 00:00 0 
7fdc4c021000-7fdc50000000 ---p 00000000 00:00 0 
7fdc50000000-7fdc50021000 rw-p 00000000 00:00 0 
7fdc50021000-7fdc54000000 ---p 00000000 00:00 0 
7fdc54040000-7fdc5404f000 r-xp 00000000 fd:00 2236004                    /usr/lib64/libbz2.so.1.0.6
7fdc5404f000-7fdc5424e000 ---p 0000f000 fd:00 2236004                    /usr/lib64/libbz2.so.1.0.6
7fdc5424e000-7fdc5424f000 r--p 0000e000 fd:00 2236004                    /usr/lib64/libbz2.so.1.0.6
7fdc5424f000-7fdc54250000 rw-p 0000f000 fd:00 2236004                    /usr/lib64/libbz2.so.1.0.6
7fdc54250000-7fdc58000000 rw-p 00000000 00:00 0 
7fdc58000000-7fdc58021000 rw-p 00000000 00:00 0 
7fdc58021000-7fdc5c000000 ---p 00000000 00:00 0 
7fdc5c000000-7fdc5c021000 rw-p 00000000 00:00 0 
7fdc5c021000-7fdc60000000 ---p 00000000 00:00 0 
7fdc60000000-7fdc60021000 rw-p 00000000 00:00 0 
7fdc60021000-7fdc64000000 ---p 00000000 00:00 0 
7fdc6401b000-7fdc6406e000 r-xp 00000000 fd:00 2366698                    /usr/lib/jvm/java-1.8.0-openjdk-1.8.0.121-10.b14.fc25.x86_64/jre/lib/amd64/libfontmanager.so
7fdc6406e000-7fdc6426d000 ---p 00053000 fd:00 2366698                    /usr/lib/jvm/java-1.8.0-openjdk-1.8.0.121-10.b14.fc25.x86_64/jre/lib/amd64/libfontmanager.so
7fdc6426d000-7fdc64270000 r--p 00052000 fd:00 2366698                    /usr/lib/jvm/java-1.8.0-openjdk-1.8.0.121-10.b14.fc25.x86_64/jre/lib/amd64/libfontmanager.so
7fdc64270000-7fdc64271000 rw-p 00055000 fd:00 2366698                    /usr/lib/jvm/java-1.8.0-openjdk-1.8.0.121-10.b14.fc25.x86_64/jre/lib/amd64/libfontmanager.so
7fdc64271000-7fdc64273000 r-xp 00000000 fd:00 2237104                    /usr/lib64/libXau.so.6.0.0
7fdc64273000-7fdc64473000 ---p 00002000 fd:00 2237104                    /usr/lib64/libXau.so.6.0.0
7fdc64473000-7fdc64474000 r--p 00002000 fd:00 2237104                    /usr/lib64/libXau.so.6.0.0
7fdc64474000-7fdc64475000 rw-p 00000000 00:00 0 
7fdc64475000-7fdc6449c000 r-xp 00000000 fd:00 2238073                    /usr/lib64/libxcb.so.1.1.0
7fdc6449c000-7fdc6469b000 ---p 00027000 fd:00 2238073                    /usr/lib64/libxcb.so.1.1.0
7fdc6469b000-7fdc6469c000 r--p 00026000 fd:00 2238073                    /usr/lib64/libxcb.so.1.1.0
7fdc6469c000-7fdc6469d000 rw-p 00027000 fd:00 2238073                    /usr/lib64/libxcb.so.1.1.0
7fdc6469d000-7fdc646ac000 r-xp 00000000 fd:00 2235918                    /usr/lib64/libXi.so.6.1.0
7fdc646ac000-7fdc648ab000 ---p 0000f000 fd:00 2235918                    /usr/lib64/libXi.so.6.1.0
7fdc648ab000-7fdc648ac000 r--p 0000e000 fd:00 2235918                    /usr/lib64/libXi.so.6.1.0
7fdc648ac000-7fdc648ad000 rw-p 0000f000 fd:00 2235918                    /usr/lib64/libXi.so.6.1.0
7fdc648ad000-7fdc648b2000 r-xp 00000000 fd:00 2237122                    /usr/lib64/libXtst.so.6.1.0
7fdc648b2000-7fdc64ab1000 ---p 00005000 fd:00 2237122                    /usr/lib64/libXtst.so.6.1.0
7fdc64ab1000-7fdc64ab2000 r--p 00004000 fd:00 2237122                    /usr/lib64/libXtst.so.6.1.0
7fdc64ab2000-7fdc64ab3000 rw-p 00005000 fd:00 2237122                    /usr/lib64/libXtst.so.6.1.0
7fdc64ab3000-7fdc64ab5000 r-xp 00000000 fd:00 2237105                    /usr/lib64/libXcomposite.so.1.0.0
7fdc64ab5000-7fdc64cb4000 ---p 00002000 fd:00 2237105                    /usr/lib64/libXcomposite.so.1.0.0
7fdc64cb4000-7fdc64cb5000 r--p 00001000 fd:00 2237105                    /usr/lib64/libXcomposite.so.1.0.0
7fdc64cb5000-7fdc64cb6000 rw-p 00000000 00:00 0 
7fdc64cb6000-7fdc64cbf000 r-xp 00000000 fd:00 2237120                    /usr/lib64/libXrender.so.1.3.0
7fdc64cbf000-7fdc64ebe000 ---p 00009000 fd:00 2237120                    /usr/lib64/libXrender.so.1.3.0
7fdc64ebe000-7fdc64ebf000 r--p 00008000 fd:00 2237120                    /usr/lib64/libXrender.so.1.3.0
7fdc64ebf000-7fdc64ec0000 rw-p 00009000 fd:00 2237120                    /usr/lib64/libXrender.so.1.3.0
7fdc64ec0000-7fdc64ff8000 r-xp 00000000 fd:00 2235906                    /usr/lib64/libX11.so.6.3.0
7fdc64ff8000-7fdc651f8000 ---p 00138000 fd:00 2235906                    /usr/lib64/libX11.so.6.3.0
7fdc651f8000-7fdc651fb000 r--p 00138000 fd:00 2235906                    /usr/lib64/libX11.so.6.3.0
7fdc651fb000-7fdc651ff000 rw-p 0013b000 fd:00 2235906                    /usr/lib64/libX11.so.6.3.0
7fdc651ff000-7fdc65210000 r-xp 00000000 fd:00 2237109                    /usr/lib64/libXext.so.6.4.0
7fdc65210000-7fdc6540f000 ---p 00011000 fd:00 2237109                    /usr/lib64/libXext.so.6.4.0
7fdc6540f000-7fdc65410000 r--p 00010000 fd:00 2237109                    /usr/lib64/libXext.so.6.4.0
7fdc65410000-7fdc65411000 rw-p 00011000 fd:00 2237109                    /usr/lib64/libXext.so.6.4.0
7fdc65414000-7fdc6542f000 r--s 003b7000 fd:00 2366738                    /usr/lib/jvm/java-1.8.0-openjdk-1.8.0.121-10.b14.fc25.x86_64/jre/lib/ext/cldrdata.jar
7fdc6542f000-7fdc65483000 r-xp 00000000 fd:00 2367053                    /usr/lib/jvm/java-1.8.0-openjdk-1.8.0.121-10.b14.fc25.x86_64/jre/lib/amd64/libawt_xawt.so
7fdc65483000-7fdc65683000 ---p 00054000 fd:00 2367053                    /usr/lib/jvm/java-1.8.0-openjdk-1.8.0.121-10.b14.fc25.x86_64/jre/lib/amd64/libawt_xawt.so
7fdc65683000-7fdc65684000 r--p 00054000 fd:00 2367053                    /usr/lib/jvm/java-1.8.0-openjdk-1.8.0.121-10.b14.fc25.x86_64/jre/lib/amd64/libawt_xawt.so
7fdc65684000-7fdc65686000 rw-p 00055000 fd:00 2367053                    /usr/lib/jvm/java-1.8.0-openjdk-1.8.0.121-10.b14.fc25.x86_64/jre/lib/amd64/libawt_xawt.so
7fdc65686000-7fdc65688000 rw-p 00000000 00:00 0 
7fdc65688000-7fdc65729000 r-xp 00000000 fd:00 2366695                    /usr/lib/jvm/java-1.8.0-openjdk-1.8.0.121-10.b14.fc25.x86_64/jre/lib/amd64/libawt.so
7fdc65729000-7fdc65928000 ---p 000a1000 fd:00 2366695                    /usr/lib/jvm/java-1.8.0-openjdk-1.8.0.121-10.b14.fc25.x86_64/jre/lib/amd64/libawt.so
7fdc65928000-7fdc65929000 r--p 000a0000 fd:00 2366695                    /usr/lib/jvm/java-1.8.0-openjdk-1.8.0.121-10.b14.fc25.x86_64/jre/lib/amd64/libawt.so
7fdc65929000-7fdc65934000 rw-p 000a1000 fd:00 2366695                    /usr/lib/jvm/java-1.8.0-openjdk-1.8.0.121-10.b14.fc25.x86_64/jre/lib/amd64/libawt.so
7fdc65934000-7fdc65959000 rw-p 00000000 00:00 0 
7fdc65959000-7fdc6595a000 ---p 00000000 00:00 0 
7fdc6595a000-7fdc65a5a000 rw-p 00000000 00:00 0 
7fdc65a5a000-7fdc65a5d000 ---p 00000000 00:00 0 
7fdc65a5d000-7fdc65b5b000 rw-p 00000000 00:00 0 
7fdc65b5b000-7fdc65b5e000 ---p 00000000 00:00 0 
7fdc65b5e000-7fdc65c5c000 rw-p 00000000 00:00 0 
7fdc65c5c000-7fdc65c5f000 ---p 00000000 00:00 0 
7fdc65c5f000-7fdc65d5d000 rw-p 00000000 00:00 0 
7fdc65d5d000-7fdc65d60000 ---p 00000000 00:00 0 
7fdc65d60000-7fdc65e5e000 rw-p 00000000 00:00 0 
7fdc65e5e000-7fdc65e61000 ---p 00000000 00:00 0 
7fdc65e61000-7fdc65f5f000 rw-p 00000000 00:00 0 
7fdc65f5f000-7fdc65f62000 ---p 00000000 00:00 0 
7fdc65f62000-7fdc66060000 rw-p 00000000 00:00 0 
7fdc66060000-7fdc66063000 ---p 00000000 00:00 0 
7fdc66063000-7fdc66161000 rw-p 00000000 00:00 0 
7fdc66161000-7fdc66165000 r-xp 00000000 fd:00 2366697                    /usr/lib/jvm/java-1.8.0-openjdk-1.8.0.121-10.b14.fc25.x86_64/jre/lib/amd64/libdt_socket.so
7fdc66165000-7fdc66364000 ---p 00004000 fd:00 2366697                    /usr/lib/jvm/java-1.8.0-openjdk-1.8.0.121-10.b14.fc25.x86_64/jre/lib/amd64/libdt_socket.so
7fdc66364000-7fdc66365000 r--p 00003000 fd:00 2366697                    /usr/lib/jvm/java-1.8.0-openjdk-1.8.0.121-10.b14.fc25.x86_64/jre/lib/amd64/libdt_socket.so
7fdc66365000-7fdc66366000 rw-p 00004000 fd:00 2366697                    /usr/lib/jvm/java-1.8.0-openjdk-1.8.0.121-10.b14.fc25.x86_64/jre/lib/amd64/libdt_socket.so
7fdc66366000-7fdc66369000 ---p 00000000 00:00 0 
7fdc66369000-7fdc66467000 rw-p 00000000 00:00 0 
7fdc66467000-7fdc66947000 rwxp 00000000 00:00 0 
7fdc66947000-7fdc75467000 ---p 00000000 00:00 0 
7fdc75467000-7fdc7c000000 r--p 00000000 fd:00 2229682                    /usr/lib/locale/locale-archive
7fdc7c000000-7fdc7c24f000 rw-p 00000000 00:00 0 
7fdc7c24f000-7fdc80000000 ---p 00000000 00:00 0 
7fdc80001000-7fdc80008000 r--s 00000000 fd:00 2624348                    /usr/lib64/gconv/gconv-modules.cache
7fdc80008000-7fdc8001b000 r--s 00346000 fd:00 2366621                    /usr/lib/jvm/java-1.8.0-openjdk-1.8.0.121-10.b14.fc25.x86_64/jre/lib/resources.jar
7fdc8001b000-7fdc8001e000 ---p 00000000 00:00 0 
7fdc8001e000-7fdc8011c000 rw-p 00000000 00:00 0 
7fdc8011c000-7fdc8011f000 ---p 00000000 00:00 0 
7fdc8011f000-7fdc8021d000 rw-p 00000000 00:00 0 
7fdc8021d000-7fdc8021e000 ---p 00000000 00:00 0 
7fdc8021e000-7fdc812fe000 rw-p 00000000 00:00 0 
7fdc812fe000-7fdc814cc000 r--s 043e0000 fd:00 2366762                    /usr/lib/jvm/java-1.8.0-openjdk-1.8.0.121-10.b14.fc25.x86_64/jre/lib/rt.jar
7fdc814cc000-7fdc8211d000 rw-p 00000000 00:00 0 
7fdc8211d000-7fdc8211e000 ---p 00000000 00:00 0 
7fdc8211e000-7fdc8221e000 rw-p 00000000 00:00 0 
7fdc8221e000-7fdc8221f000 ---p 00000000 00:00 0 
7fdc8221f000-7fdc8231f000 rw-p 00000000 00:00 0 
7fdc8231f000-7fdc82320000 ---p 00000000 00:00 0 
7fdc82320000-7fdc82420000 rw-p 00000000 00:00 0 
7fdc82420000-7fdc82421000 ---p 00000000 00:00 0 
7fdc82421000-7fdc8254b000 rw-p 00000000 00:00 0 
7fdc8254b000-7fdc827b3000 ---p 00000000 00:00 0 
7fdc827b3000-7fdc827dd000 rw-p 00000000 00:00 0 
7fdc827dd000-7fdc82a45000 ---p 00000000 00:00 0 
7fdc82a45000-7fdc82a5a000 rw-p 00000000 00:00 0 
7fdc82a5a000-7fdc82b8e000 ---p 00000000 00:00 0 
7fdc82b8e000-7fdc82ba3000 rw-p 00000000 00:00 0 
7fdc82ba3000-7fdc82f4f000 ---p 00000000 00:00 0 
7fdc82f4f000-7fdc82f57000 r-xp 00000000 fd:00 2366723                    /usr/lib/jvm/java-1.8.0-openjdk-1.8.0.121-10.b14.fc25.x86_64/jre/lib/amd64/libzip.so
7fdc82f57000-7fdc83156000 ---p 00008000 fd:00 2366723                    /usr/lib/jvm/java-1.8.0-openjdk-1.8.0.121-10.b14.fc25.x86_64/jre/lib/amd64/libzip.so
7fdc83156000-7fdc83157000 r--p 00007000 fd:00 2366723                    /usr/lib/jvm/java-1.8.0-openjdk-1.8.0.121-10.b14.fc25.x86_64/jre/lib/amd64/libzip.so
7fdc83157000-7fdc83158000 rw-p 00000000 00:00 0 
7fdc83158000-7fdc83162000 r-xp 00000000 fd:00 2236537                    /usr/lib64/libnss_files-2.24.so
7fdc83162000-7fdc83362000 ---p 0000a000 fd:00 2236537                    /usr/lib64/libnss_files-2.24.so
7fdc83362000-7fdc83363000 r--p 0000a000 fd:00 2236537                    /usr/lib64/libnss_files-2.24.so
7fdc83363000-7fdc83364000 rw-p 0000b000 fd:00 2236537                    /usr/lib64/libnss_files-2.24.so
7fdc83364000-7fdc8336a000 rw-p 00000000 00:00 0 
7fdc8336a000-7fdc8336c000 r-xp 00000000 fd:00 2366717                    /usr/lib/jvm/java-1.8.0-openjdk-1.8.0.121-10.b14.fc25.x86_64/jre/lib/amd64/libnpt.so
7fdc8336c000-7fdc8356c000 ---p 00002000 fd:00 2366717                    /usr/lib/jvm/java-1.8.0-openjdk-1.8.0.121-10.b14.fc25.x86_64/jre/lib/amd64/libnpt.so
7fdc8356c000-7fdc8356d000 r--p 00002000 fd:00 2366717                    /usr/lib/jvm/java-1.8.0-openjdk-1.8.0.121-10.b14.fc25.x86_64/jre/lib/amd64/libnpt.so
7fdc8356d000-7fdc8356e000 rw-p 00000000 00:00 0 
7fdc8356e000-7fdc835a9000 r-xp 00000000 fd:00 2366708                    /usr/lib/jvm/java-1.8.0-openjdk-1.8.0.121-10.b14.fc25.x86_64/jre/lib/amd64/libjdwp.so
7fdc835a9000-7fdc837a9000 ---p 0003b000 fd:00 2366708                    /usr/lib/jvm/java-1.8.0-openjdk-1.8.0.121-10.b14.fc25.x86_64/jre/lib/amd64/libjdwp.so
7fdc837a9000-7fdc837aa000 r--p 0003b000 fd:00 2366708                    /usr/lib/jvm/java-1.8.0-openjdk-1.8.0.121-10.b14.fc25.x86_64/jre/lib/amd64/libjdwp.so
7fdc837aa000-7fdc837ab000 rw-p 0003c000 fd:00 2366708                    /usr/lib/jvm/java-1.8.0-openjdk-1.8.0.121-10.b14.fc25.x86_64/jre/lib/amd64/libjdwp.so
7fdc837ab000-7fdc837d8000 r-xp 00000000 fd:00 2366705                    /usr/lib/jvm/java-1.8.0-openjdk-1.8.0.121-10.b14.fc25.x86_64/jre/lib/amd64/libjava.so
7fdc837d8000-7fdc839d8000 ---p 0002d000 fd:00 2366705                    /usr/lib/jvm/java-1.8.0-openjdk-1.8.0.121-10.b14.fc25.x86_64/jre/lib/amd64/libjava.so
7fdc839d8000-7fdc839d9000 r--p 0002d000 fd:00 2366705                    /usr/lib/jvm/java-1.8.0-openjdk-1.8.0.121-10.b14.fc25.x86_64/jre/lib/amd64/libjava.so
7fdc839d9000-7fdc839da000 rw-p 0002e000 fd:00 2366705                    /usr/lib/jvm/java-1.8.0-openjdk-1.8.0.121-10.b14.fc25.x86_64/jre/lib/amd64/libjava.so
7fdc839da000-7fdc839db000 rw-p 00000000 00:00 0 
7fdc839db000-7fdc839e8000 r-xp 00000000 fd:00 2366722                    /usr/lib/jvm/java-1.8.0-openjdk-1.8.0.121-10.b14.fc25.x86_64/jre/lib/amd64/libverify.so
7fdc839e8000-7fdc83be7000 ---p 0000d000 fd:00 2366722                    /usr/lib/jvm/java-1.8.0-openjdk-1.8.0.121-10.b14.fc25.x86_64/jre/lib/amd64/libverify.so
7fdc83be7000-7fdc83be9000 r--p 0000c000 fd:00 2366722                    /usr/lib/jvm/java-1.8.0-openjdk-1.8.0.121-10.b14.fc25.x86_64/jre/lib/amd64/libverify.so
7fdc83be9000-7fdc83bea000 rw-p 00000000 00:00 0 
7fdc83bea000-7fdc83bf1000 r-xp 00000000 fd:00 2236638                    /usr/lib64/librt-2.24.so
7fdc83bf1000-7fdc83df0000 ---p 00007000 fd:00 2236638                    /usr/lib64/librt-2.24.so
7fdc83df0000-7fdc83df1000 r--p 00006000 fd:00 2236638                    /usr/lib64/librt-2.24.so
7fdc83df1000-7fdc83df2000 rw-p 00007000 fd:00 2236638                    /usr/lib64/librt-2.24.so
7fdc83df2000-7fdc83e08000 r-xp 00000000 fd:00 2235420                    /usr/lib64/libgcc_s-6.3.1-20161221.so.1
7fdc83e08000-7fdc84007000 ---p 00016000 fd:00 2235420                    /usr/lib64/libgcc_s-6.3.1-20161221.so.1
7fdc84007000-7fdc84008000 r--p 00015000 fd:00 2235420                    /usr/lib64/libgcc_s-6.3.1-20161221.so.1
7fdc84008000-7fdc84009000 rw-p 00016000 fd:00 2235420                    /usr/lib64/libgcc_s-6.3.1-20161221.so.1
7fdc84009000-7fdc84111000 r-xp 00000000 fd:00 2236094                    /usr/lib64/libm-2.24.so
7fdc84111000-7fdc84310000 ---p 00108000 fd:00 2236094                    /usr/lib64/libm-2.24.so
7fdc84310000-7fdc84311000 r--p 00107000 fd:00 2236094                    /usr/lib64/libm-2.24.so
7fdc84311000-7fdc84312000 rw-p 00108000 fd:00 2236094                    /usr/lib64/libm-2.24.so
7fdc84312000-7fdc8448a000 r-xp 00000000 fd:00 2236710                    /usr/lib64/libstdc++.so.6.0.22
7fdc8448a000-7fdc8468a000 ---p 00178000 fd:00 2236710                    /usr/lib64/libstdc++.so.6.0.22
7fdc8468a000-7fdc84694000 r--p 00178000 fd:00 2236710                    /usr/lib64/libstdc++.so.6.0.22
7fdc84694000-7fdc84696000 rw-p 00182000 fd:00 2236710                    /usr/lib64/libstdc++.so.6.0.22
7fdc84696000-7fdc8469a000 rw-p 00000000 00:00 0 
7fdc8469a000-7fdc853af000 r-xp 00000000 fd:00 2366727                    /usr/lib/jvm/java-1.8.0-openjdk-1.8.0.121-10.b14.fc25.x86_64/jre/lib/amd64/server/libjvm.so
7fdc853af000-7fdc855af000 ---p 00d15000 fd:00 2366727                    /usr/lib/jvm/java-1.8.0-openjdk-1.8.0.121-10.b14.fc25.x86_64/jre/lib/amd64/server/libjvm.so
7fdc855af000-7fdc8564a000 r--p 00d15000 fd:00 2366727                    /usr/lib/jvm/java-1.8.0-openjdk-1.8.0.121-10.b14.fc25.x86_64/jre/lib/amd64/server/libjvm.so
7fdc8564a000-7fdc85673000 rw-p 00db0000 fd:00 2366727                    /usr/lib/jvm/java-1.8.0-openjdk-1.8.0.121-10.b14.fc25.x86_64/jre/lib/amd64/server/libjvm.so
7fdc85673000-7fdc856a3000 rw-p 00000000 00:00 0 
7fdc856a3000-7fdc85860000 r-xp 00000000 fd:00 2235941                    /usr/lib64/libc-2.24.so
7fdc85860000-7fdc85a5f000 ---p 001bd000 fd:00 2235941                    /usr/lib64/libc-2.24.so
7fdc85a5f000-7fdc85a63000 r--p 001bc000 fd:00 2235941                    /usr/lib64/libc-2.24.so
7fdc85a63000-7fdc85a65000 rw-p 001c0000 fd:00 2235941                    /usr/lib64/libc-2.24.so
7fdc85a65000-7fdc85a69000 rw-p 00000000 00:00 0 
7fdc85a69000-7fdc85a6c000 r-xp 00000000 fd:00 2236038                    /usr/lib64/libdl-2.24.so
7fdc85a6c000-7fdc85c6b000 ---p 00003000 fd:00 2236038                    /usr/lib64/libdl-2.24.so
7fdc85c6b000-7fdc85c6c000 r--p 00002000 fd:00 2236038                    /usr/lib64/libdl-2.24.so
7fdc85c6c000-7fdc85c6d000 rw-p 00003000 fd:00 2236038                    /usr/lib64/libdl-2.24.so
7fdc85c6d000-7fdc85c7a000 r-xp 00000000 fd:00 2367112                    /usr/lib/jvm/java-1.8.0-openjdk-1.8.0.121-10.b14.fc25.x86_64/lib/amd64/jli/libjli.so
7fdc85c7a000-7fdc85e7a000 ---p 0000d000 fd:00 2367112                    /usr/lib/jvm/java-1.8.0-openjdk-1.8.0.121-10.b14.fc25.x86_64/lib/amd64/jli/libjli.so
7fdc85e7a000-7fdc85e7b000 r--p 0000d000 fd:00 2367112                    /usr/lib/jvm/java-1.8.0-openjdk-1.8.0.121-10.b14.fc25.x86_64/lib/amd64/jli/libjli.so
7fdc85e7b000-7fdc85e7c000 rw-p 00000000 00:00 0 
7fdc85e7c000-7fdc85e91000 r-xp 00000000 fd:00 2238106                    /usr/lib64/libz.so.1.2.8
7fdc85e91000-7fdc86090000 ---p 00015000 fd:00 2238106                    /usr/lib64/libz.so.1.2.8
7fdc86090000-7fdc86091000 r--p 00014000 fd:00 2238106                    /usr/lib64/libz.so.1.2.8
7fdc86091000-7fdc86092000 rw-p 00015000 fd:00 2238106                    /usr/lib64/libz.so.1.2.8
7fdc86092000-7fdc860aa000 r-xp 00000000 fd:00 2236538                    /usr/lib64/libpthread-2.24.so
7fdc860aa000-7fdc862aa000 ---p 00018000 fd:00 2236538                    /usr/lib64/libpthread-2.24.so
7fdc862aa000-7fdc862ab000 r--p 00018000 fd:00 2236538                    /usr/lib64/libpthread-2.24.so
7fdc862ab000-7fdc862ac000 rw-p 00019000 fd:00 2236538                    /usr/lib64/libpthread-2.24.so
7fdc862ac000-7fdc862b0000 rw-p 00000000 00:00 0 
7fdc862b0000-7fdc862d5000 r-xp 00000000 fd:00 2238990                    /usr/lib64/ld-2.24.so
7fdc862da000-7fdc862e5000 r--s 0011c000 fd:00 2366633                    /usr/lib/jvm/java-1.8.0-openjdk-1.8.0.121-10.b14.fc25.x86_64/jre/lib/ext/localedata.jar
7fdc862e5000-7fdc863b0000 rw-p 00000000 00:00 0 
7fdc863b0000-7fdc863b3000 ---p 00000000 00:00 0 
7fdc863b3000-7fdc864b5000 rw-p 00000000 00:00 0 
7fdc864ba000-7fdc864be000 r--s 000b3000 fd:00 2366751                    /usr/lib/jvm/java-1.8.0-openjdk-1.8.0.121-10.b14.fc25.x86_64/jre/lib/jsse.jar
7fdc864be000-7fdc864c2000 r--s 00038000 fd:00 1202475                    /home/ravelino/.m2/repository/commons-lang/commons-lang/2.3/commons-lang-2.3.jar
7fdc864c2000-7fdc864c4000 r--s 0002e000 fd:00 1051399                    /home/ravelino/.m2/repository/com/1stleg/jnativehook/2.0.2/jnativehook-2.0.2.jar
7fdc864c4000-7fdc864c9000 r--s 00309000 fd:00 2366616                    /usr/lib/jvm/java-1.8.0-openjdk-1.8.0.121-10.b14.fc25.x86_64/jre/lib/charsets.jar
7fdc864c9000-7fdc864d1000 rw-s 00000000 00:28 1775887                    /tmp/hsperfdata_ravelino/20208
7fdc864d1000-7fdc864d2000 rw-p 00000000 00:00 0 
7fdc864d2000-7fdc864d3000 r--p 00000000 00:00 0 
7fdc864d3000-7fdc864d5000 rw-p 00000000 00:00 0 
7fdc864d5000-7fdc864d6000 r--p 00025000 fd:00 2238990                    /usr/lib64/ld-2.24.so
7fdc864d6000-7fdc864d7000 rw-p 00026000 fd:00 2238990                    /usr/lib64/ld-2.24.so
7fdc864d7000-7fdc864d8000 rw-p 00000000 00:00 0 
7ffc6fb5a000-7ffc6fb7b000 rw-p 00000000 00:00 0                          [stack]
7ffc6fbf3000-7ffc6fbf5000 r--p 00000000 00:00 0                          [vvar]
7ffc6fbf5000-7ffc6fbf7000 r-xp 00000000 00:00 0                          [vdso]
ffffffffff600000-ffffffffff601000 r-xp 00000000 00:00 0                  [vsyscall]

VM Arguments:
jvm_args: -agentlib:jdwp=transport=dt_socket,suspend=y,address=localhost:39663 -Dfile.encoding=UTF-8 
java_command: br.com.avelino.app.MouseClickApp
java_class_path (initial): /home/ravelino/workspace/projetos/mouse-click/target/classes:/home/ravelino/.m2/repository/com/1stleg/jnativehook/2.0.2/jnativehook-2.0.2.jar:/home/ravelino/.m2/repository/commons-lang/commons-lang/2.3/commons-lang-2.3.jar
Launcher Type: SUN_STANDARD

Environment Variables:
PATH=/usr/lib64/qt-3.3/bin:/usr/local/bin:/usr/local/sbin:/usr/bin:/usr/sbin:/home/ravelino/.local/bin:/home/ravelino/bin
USERNAME=ravelino
SHELL=/bin/bash
DISPLAY=:0

Signal Handlers:
SIGSEGV: [libjvm.so+0xb19f20], sa_mask[0]=11111111011111111101111111111110, sa_flags=SA_RESTART|SA_SIGINFO
SIGBUS: [libjvm.so+0xb19f20], sa_mask[0]=11111111011111111101111111111110, sa_flags=SA_RESTART|SA_SIGINFO
SIGFPE: [libjvm.so+0x8eb720], sa_mask[0]=11111111011111111101111111111110, sa_flags=SA_RESTART|SA_SIGINFO
SIGPIPE: [libjvm.so+0x8eb720], sa_mask[0]=11111111011111111101111111111110, sa_flags=SA_RESTART|SA_SIGINFO
SIGXFSZ: [libjvm.so+0x8eb720], sa_mask[0]=11111111011111111101111111111110, sa_flags=SA_RESTART|SA_SIGINFO
SIGILL: [libjvm.so+0x8eb720], sa_mask[0]=11111111011111111101111111111110, sa_flags=SA_RESTART|SA_SIGINFO
SIGUSR1: SIG_DFL, sa_mask[0]=00000000000000000000000000000000, sa_flags=none
SIGUSR2: [libjvm.so+0x8eb5d0], sa_mask[0]=00100000000000000000000000000000, sa_flags=SA_RESTART|SA_SIGINFO
SIGHUP: [libjvm.so+0x8eba80], sa_mask[0]=11111111011111111101111111111110, sa_flags=SA_RESTART|SA_SIGINFO
SIGINT: [libjvm.so+0x8eba80], sa_mask[0]=11111111011111111101111111111110, sa_flags=SA_RESTART|SA_SIGINFO
SIGTERM: [libjvm.so+0x8eba80], sa_mask[0]=11111111011111111101111111111110, sa_flags=SA_RESTART|SA_SIGINFO
SIGQUIT: [libjvm.so+0x8eba80], sa_mask[0]=11111111011111111101111111111110, sa_flags=SA_RESTART|SA_SIGINFO


---------------  S Y S T E M  ---------------

OS:Fedora release 25 (Twenty Five)

uname:Linux 4.10.9-200.fc25.x86_64 #1 SMP Mon Apr 10 14:48:16 UTC 2017 x86_64
libc:glibc 2.24 NPTL 2.24 
rlimit: STACK 8192k, CORE infinity, NPROC 31470, NOFILE 4096, AS infinity
load average:1,19 0,59 0,40

/proc/meminfo:
MemTotal:        8080208 kB
MemFree:         1507352 kB
MemAvailable:    2115400 kB
Buffers:           75200 kB
Cached:          1193624 kB
SwapCached:        68428 kB
Active:          4808740 kB
Inactive:        1480680 kB
Active(anon):    4404116 kB
Inactive(anon):  1087916 kB
Active(file):     404624 kB
Inactive(file):   392764 kB
Unevictable:         424 kB
Mlocked:             424 kB
SwapTotal:       7815164 kB
SwapFree:        7518488 kB
Dirty:              1396 kB
Writeback:             0 kB
AnonPages:       4958496 kB
Mapped:           555300 kB
Shmem:            471436 kB
Slab:             126976 kB
SReclaimable:      59132 kB
SUnreclaim:        67844 kB
KernelStack:       12976 kB
PageTables:        67324 kB
NFS_Unstable:          0 kB
Bounce:                0 kB
WritebackTmp:          0 kB
CommitLimit:    11855268 kB
Committed_AS:   11000072 kB
VmallocTotal:   34359738367 kB
VmallocUsed:           0 kB
VmallocChunk:          0 kB
HardwareCorrupted:     0 kB
AnonHugePages:         0 kB
ShmemHugePages:        0 kB
ShmemPmdMapped:        0 kB
CmaTotal:              0 kB
CmaFree:               0 kB
HugePages_Total:       0
HugePages_Free:        0
HugePages_Rsvd:        0
HugePages_Surp:        0
Hugepagesize:       2048 kB
DirectMap4k:      282912 kB
DirectMap2M:     8011776 kB


CPU:total 4 (2 cores per cpu, 2 threads per core) family 6 model 42 stepping 7, cmov, cx8, fxsr, mmx, sse, sse2, sse3, ssse3, sse4.1, sse4.2, popcnt, avx, clmul, ht, tsc, tscinvbit

/proc/cpuinfo:
processor	: 0
vendor_id	: GenuineIntel
cpu family	: 6
model		: 42
model name	: Intel(R) Core(TM) i3-2350M CPU @ 2.30GHz
stepping	: 7
microcode	: 0x29
cpu MHz		: 2299.859
cache size	: 3072 KB
physical id	: 0
siblings	: 4
core id		: 0
cpu cores	: 2
apicid		: 0
initial apicid	: 0
fpu		: yes
fpu_exception	: yes
cpuid level	: 13
wp		: yes
flags		: fpu vme de pse tsc msr pae mce cx8 apic sep mtrr pge mca cmov pat pse36 clflush dts acpi mmx fxsr sse sse2 ss ht tm pbe syscall nx rdtscp lm constant_tsc arch_perfmon pebs bts rep_good nopl xtopology nonstop_tsc aperfmperf pni pclmulqdq dtes64 monitor ds_cpl vmx est tm2 ssse3 cx16 xtpr pdcm pcid sse4_1 sse4_2 x2apic popcnt tsc_deadline_timer xsave avx lahf_lm epb tpr_shadow vnmi flexpriority ept vpid xsaveopt dtherm arat pln pts
bugs		:
bogomips	: 4590.02
clflush size	: 64
cache_alignment	: 64
address sizes	: 36 bits physical, 48 bits virtual
power management:

processor	: 1
vendor_id	: GenuineIntel
cpu family	: 6
model		: 42
model name	: Intel(R) Core(TM) i3-2350M CPU @ 2.30GHz
stepping	: 7
microcode	: 0x29
cpu MHz		: 2300.000
cache size	: 3072 KB
physical id	: 0
siblings	: 4
core id		: 1
cpu cores	: 2
apicid		: 2
initial apicid	: 2
fpu		: yes
fpu_exception	: yes
cpuid level	: 13
wp		: yes
flags		: fpu vme de pse tsc msr pae mce cx8 apic sep mtrr pge mca cmov pat pse36 clflush dts acpi mmx fxsr sse sse2 ss ht tm pbe syscall nx rdtscp lm constant_tsc arch_perfmon pebs bts rep_good nopl xtopology nonstop_tsc aperfmperf pni pclmulqdq dtes64 monitor ds_cpl vmx est tm2 ssse3 cx16 xtpr pdcm pcid sse4_1 sse4_2 x2apic popcnt tsc_deadline_timer xsave avx lahf_lm epb tpr_shadow vnmi flexpriority ept vpid xsaveopt dtherm arat pln pts
bugs		:
bogomips	: 4593.71
clflush size	: 64
cache_alignment	: 64
address sizes	: 36 bits physical, 48 bits virtual
power management:

processor	: 2
vendor_id	: GenuineIntel
cpu family	: 6
model		: 42
model name	: Intel(R) Core(TM) i3-2350M CPU @ 2.30GHz
stepping	: 7
microcode	: 0x29
cpu MHz		: 2300.000
cache size	: 3072 KB
physical id	: 0
siblings	: 4
core id		: 0
cpu cores	: 2
apicid		: 1
initial apicid	: 1
fpu		: yes
fpu_exception	: yes
cpuid level	: 13
wp		: yes
flags		: fpu vme de pse tsc msr pae mce cx8 apic sep mtrr pge mca cmov pat pse36 clflush dts acpi mmx fxsr sse sse2 ss ht tm pbe syscall nx rdtscp lm constant_tsc arch_perfmon pebs bts rep_good nopl xtopology nonstop_tsc aperfmperf pni pclmulqdq dtes64 monitor ds_cpl vmx est tm2 ssse3 cx16 xtpr pdcm pcid sse4_1 sse4_2 x2apic popcnt tsc_deadline_timer xsave avx lahf_lm epb tpr_shadow vnmi flexpriority ept vpid xsaveopt dtherm arat pln pts
bugs		:
bogomips	: 4596.01
clflush size	: 64
cache_alignment	: 64
address sizes	: 36 bits physical, 48 bits virtual
power management:

processor	: 3
vendor_id	: GenuineIntel
cpu family	: 6
model		: 42
model name	: Intel(R) Core(TM) i3-2350M CPU @ 2.30GHz
stepping	: 7
microcode	: 0x29
cpu MHz		: 2300.000
cache size	: 3072 KB
physical id	: 0
siblings	: 4
core id		: 1
cpu cores	: 2
apicid		: 3
initial apicid	: 3
fpu		: yes
fpu_exception	: yes
cpuid level	: 13
wp		: yes
flags		: fpu vme de pse tsc msr pae mce cx8 apic sep mtrr pge mca cmov pat pse36 clflush dts acpi mmx fxsr sse sse2 ss ht tm pbe syscall nx rdtscp lm constant_tsc arch_perfmon pebs bts rep_good nopl xtopology nonstop_tsc aperfmperf pni pclmulqdq dtes64 monitor ds_cpl vmx est tm2 ssse3 cx16 xtpr pdcm pcid sse4_1 sse4_2 x2apic popcnt tsc_deadline_timer xsave avx lahf_lm epb tpr_shadow vnmi flexpriority ept vpid xsaveopt dtherm arat pln pts
bugs		:
bogomips	: 4594.19
clflush size	: 64
cache_alignment	: 64
address sizes	: 36 bits physical, 48 bits virtual
power management:



Memory: 4k page, physical 8080208k(1507352k free), swap 7815164k(7518488k free)

vm_info: OpenJDK 64-Bit Server VM (25.121-b14) for linux-amd64 JRE (1.8.0_121-b14), built on Mar 14 2017 09:04:20 by "mockbuild" with gcc 6.3.1 20161221 (Red Hat 6.3.1-1)

time: Tue Apr 18 20:50:19 2017
elapsed time: 309 seconds (0d 0h 5m 9s)

